# JRE version: Java(TM) SE Runtime Environment (8.0_161-b12) (build 1.8.0_161-b12)
# Java VM: Java HotSpot(TM) 64-Bit Server VM (25.161-b12 mixed mode windows-amd64 compressed oops)
Heap:
 PSYoungGen      total 1203200K, used 303250K [0x000000076b700000, 0x00000007bfa80000, 0x00000007c0000000)
  eden space 1128960K, 26% used [0x000000076b700000,0x000000077df24b80,0x00000007b0580000)
  from space 74240K, 0% used [0x00000007b0580000,0x00000007b0580000,0x00000007b4e00000)
  to   space 73728K, 0% used [0x00000007bb280000,0x00000007bb280000,0x00000007bfa80000)
 ParOldGen       total 224768K, used 40967K [0x00000006c2400000, 0x00000006cff80000, 0x000000076b700000)
  object space 224768K, 18% used [0x00000006c2400000,0x00000006c4c01c18,0x00000006cff80000)
 Metaspace       used 68240K, capacity 71674K, committed 71936K, reserved 1112064K
  class space    used 8803K, capacity 9418K, committed 9472K, reserved 1048576K
GC Heap History (10 events):
Event: 14.289 GC heap before
{Heap before GC invocations=11 (full 2):
 PSYoungGen      total 866816K, used 547189K [0x000000076b700000, 0x00000007a9000000, 0x00000007c0000000)
  eden space 803328K, 60% used [0x000000076b700000,0x0000000788f91288,0x000000079c780000)
  from space 63488K, 99% used [0x00000007a5200000,0x00000007a8fcc560,0x00000007a9000000)
  to   space 84480K, 0% used [0x000000079eb00000,0x000000079eb00000,0x00000007a3d80000)
 ParOldGen       total 247808K, used 107148K [0x00000006c2400000, 0x00000006d1600000, 0x000000076b700000)
  object space 247808K, 43% used [0x00000006c2400000,0x00000006c8ca31b8,0x00000006d1600000)
 Metaspace       used 38768K, capacity 40744K, committed 40960K, reserved 1085440K
  class space    used 4969K, capacity 5360K, committed 5376K, reserved 1048576K
Event: 14.313 GC heap after
Heap after GC invocations=11 (full 2):
 PSYoungGen      total 924160K, used 30864K [0x000000076b700000, 0x00000007b9b00000, 0x00000007c0000000)
  eden space 839680K, 0% used [0x000000076b700000,0x000000076b700000,0x000000079eb00000)
  from space 84480K, 36% used [0x000000079eb00000,0x00000007a0924010,0x00000007a3d80000)
  to   space 78848K, 0% used [0x00000007b4e00000,0x00000007b4e00000,0x00000007b9b00000)
 ParOldGen       total 247808K, used 107220K [0x00000006c2400000, 0x00000006d1600000, 0x000000076b700000)
  object space 247808K, 43% used [0x00000006c2400000,0x00000006c8cb51c8,0x00000006d1600000)
 Metaspace       used 38768K, capacity 40744K, committed 40960K, reserved 1085440K
  class space    used 4969K, capacity 5360K, committed 5376K, reserved 1048576K
}
Event: 14.313 GC heap before
{Heap before GC invocations=12 (full 3):
 PSYoungGen      total 924160K, used 30864K [0x000000076b700000, 0x00000007b9b00000, 0x00000007c0000000)
  eden space 839680K, 0% used [0x000000076b700000,0x000000076b700000,0x000000079eb00000)
  from space 84480K, 36% used [0x000000079eb00000,0x00000007a0924010,0x00000007a3d80000)
  to   space 78848K, 0% used [0x00000007b4e00000,0x00000007b4e00000,0x00000007b9b00000)
 ParOldGen       total 247808K, used 107220K [0x00000006c2400000, 0x00000006d1600000, 0x000000076b700000)
  object space 247808K, 43% used [0x00000006c2400000,0x00000006c8cb51c8,0x00000006d1600000)
 Metaspace       used 38768K, capacity 40744K, committed 40960K, reserved 1085440K
  class space    used 4969K, capacity 5360K, committed 5376K, reserved 1048576K
Event: 14.425 GC heap after
Heap after GC invocations=12 (full 3):
 PSYoungGen      total 924160K, used 0K [0x000000076b700000, 0x00000007b9b00000, 0x00000007c0000000)
  eden space 839680K, 0% used [0x000000076b700000,0x000000076b700000,0x000000079eb00000)
  from space 84480K, 0% used [0x000000079eb00000,0x000000079eb00000,0x00000007a3d80000)
  to   space 78848K, 0% used [0x00000007b4e00000,0x00000007b4e00000,0x00000007b9b00000)
 ParOldGen       total 208896K, used 51856K [0x00000006c2400000, 0x00000006cf000000, 0x000000076b700000)
  object space 208896K, 24% used [0x00000006c2400000,0x00000006c56a4208,0x00000006cf000000)
 Metaspace       used 38768K, capacity 40744K, committed 40960K, reserved 1085440K
  class space    used 4969K, capacity 5360K, committed 5376K, reserved 1048576K
}
Event: 20.248 GC heap before
{Heap before GC invocations=13 (full 3):
 PSYoungGen      total 924160K, used 839680K [0x000000076b700000, 0x00000007b9b00000, 0x00000007c0000000)
  eden space 839680K, 100% used [0x000000076b700000,0x000000079eb00000,0x000000079eb00000)
  from space 84480K, 0% used [0x000000079eb00000,0x000000079eb00000,0x00000007a3d80000)
  to   space 78848K, 0% used [0x00000007b4e00000,0x00000007b4e00000,0x00000007b9b00000)
 ParOldGen       total 208896K, used 51856K [0x00000006c2400000, 0x00000006cf000000, 0x000000076b700000)
  object space 208896K, 24% used [0x00000006c2400000,0x00000006c56a4208,0x00000006cf000000)
 Metaspace       used 59606K, capacity 62436K, committed 62720K, reserved 1103872K
  class space    used 7622K, capacity 8143K, committed 8192K, reserved 1048576K
Event: 20.272 GC heap after
Heap after GC invocations=13 (full 3):
 PSYoungGen      total 1207808K, used 31096K [0x000000076b700000, 0x00000007ba180000, 0x00000007c0000000)
  eden space 1128960K, 0% used [0x000000076b700000,0x000000076b700000,0x00000007b0580000)
  from space 78848K, 39% used [0x00000007b4e00000,0x00000007b6c5e108,0x00000007b9b00000)
  to   space 74240K, 0% used [0x00000007b0580000,0x00000007b0580000,0x00000007b4e00000)
 ParOldGen       total 208896K, used 51864K [0x00000006c2400000, 0x00000006cf000000, 0x000000076b700000)
  object space 208896K, 24% used [0x00000006c2400000,0x00000006c56a6208,0x00000006cf000000)
 Metaspace       used 59606K, capacity 62436K, committed 62720K, reserved 1103872K
  class space    used 7622K, capacity 8143K, committed 8192K, reserved 1048576K
}
Event: 22.103 GC heap before
{Heap before GC invocations=14 (full 3):
 PSYoungGen      total 1207808K, used 221570K [0x000000076b700000, 0x00000007ba180000, 0x00000007c0000000)
  eden space 1128960K, 16% used [0x000000076b700000,0x00000007771029a8,0x00000007b0580000)
  from space 78848K, 39% used [0x00000007b4e00000,0x00000007b6c5e108,0x00000007b9b00000)
  to   space 74240K, 0% used [0x00000007b0580000,0x00000007b0580000,0x00000007b4e00000)
 ParOldGen       total 208896K, used 51864K [0x00000006c2400000, 0x00000006cf000000, 0x000000076b700000)
  object space 208896K, 24% used [0x00000006c2400000,0x00000006c56a6208,0x00000006cf000000)
 Metaspace       used 64851K, capacity 68100K, committed 68224K, reserved 1107968K
  class space    used 8431K, capacity 9005K, committed 9088K, reserved 1048576K
Event: 22.118 GC heap after
Heap after GC invocations=14 (full 3):
 PSYoungGen      total 1203200K, used 9684K [0x000000076b700000, 0x00000007bfa80000, 0x00000007c0000000)
  eden space 1128960K, 0% used [0x000000076b700000,0x000000076b700000,0x00000007b0580000)
  from space 74240K, 13% used [0x00000007b0580000,0x00000007b0ef5150,0x00000007b4e00000)
  to   space 73728K, 0% used [0x00000007bb280000,0x00000007bb280000,0x00000007bfa80000)
 ParOldGen       total 208896K, used 67132K [0x00000006c2400000, 0x00000006cf000000, 0x000000076b700000)
  object space 208896K, 32% used [0x00000006c2400000,0x00000006c658f130,0x00000006cf000000)
 Metaspace       used 64851K, capacity 68100K, committed 68224K, reserved 1107968K
  class space    used 8431K, capacity 9005K, committed 9088K, reserved 1048576K
}
Event: 22.118 GC heap before
{Heap before GC invocations=15 (full 4):
 PSYoungGen      total 1203200K, used 9684K [0x000000076b700000, 0x00000007bfa80000, 0x00000007c0000000)
  eden space 1128960K, 0% used [0x000000076b700000,0x000000076b700000,0x00000007b0580000)
  from space 74240K, 13% used [0x00000007b0580000,0x00000007b0ef5150,0x00000007b4e00000)
  to   space 73728K, 0% used [0x00000007bb280000,0x00000007bb280000,0x00000007bfa80000)
 ParOldGen       total 208896K, used 67132K [0x00000006c2400000, 0x00000006cf000000, 0x000000076b700000)
  object space 208896K, 32% used [0x00000006c2400000,0x00000006c658f130,0x00000006cf000000)
 Metaspace       used 64851K, capacity 68100K, committed 68224K, reserved 1107968K
  class space    used 8431K, capacity 9005K, committed 9088K, reserved 1048576K
Event: 22.232 GC heap after
Heap after GC invocations=15 (full 4):
 PSYoungGen      total 1203200K, used 0K [0x000000076b700000, 0x00000007bfa80000, 0x00000007c0000000)
  eden space 1128960K, 0% used [0x000000076b700000,0x000000076b700000,0x00000007b0580000)
  from space 74240K, 0% used [0x00000007b0580000,0x00000007b0580000,0x00000007b4e00000)
  to   space 73728K, 0% used [0x00000007bb280000,0x00000007bb280000,0x00000007bfa80000)
 ParOldGen       total 224768K, used 40967K [0x00000006c2400000, 0x00000006cff80000, 0x000000076b700000)
  object space 224768K, 18% used [0x00000006c2400000,0x00000006c4c01c18,0x00000006cff80000)
 Metaspace       used 64765K, capacity 67944K, committed 68224K, reserved 1107968K
  class space    used 8416K, capacity 8979K, committed 9088K, reserved 1048576K
}

