# JRE version: Java(TM) SE Runtime Environment (8.0_161-b12) (build 1.8.0_161-b12)
# Java VM: Java HotSpot(TM) 64-Bit Server VM (25.161-b12 mixed mode windows-amd64 compressed oops)
Heap:
 PSYoungGen      total 758784K, used 271924K [0x000000076b700000, 0x00000007a8b80000, 0x00000007c0000000)
  eden space 696832K, 39% used [0x000000076b700000,0x000000077c08d198,0x0000000795f80000)
  from space 61952K, 0% used [0x0000000795f80000,0x0000000795f80000,0x0000000799c00000)
  to   space 60416K, 0% used [0x00000007a5080000,0x00000007a5080000,0x00000007a8b80000)
 ParOldGen       total 247296K, used 44055K [0x00000006c2400000, 0x00000006d1580000, 0x000000076b700000)
  object space 247296K, 17% used [0x00000006c2400000,0x00000006c4f05d10,0x00000006d1580000)
 Metaspace       used 67278K, capacity 70726K, committed 70912K, reserved 1110016K
  class space    used 8788K, capacity 9386K, committed 9472K, reserved 1048576K
GC Heap History (10 events):
Event: 13.076 GC heap before
{Heap before GC invocations=13 (full 2):
 PSYoungGen      total 574464K, used 516385K [0x000000076b700000, 0x0000000793600000, 0x00000007c0000000)
  eden space 516096K, 90% used [0x000000076b700000,0x0000000788198378,0x000000078af00000)
  from space 58368K, 80% used [0x000000078fd00000,0x0000000792ab0338,0x0000000793600000)
  to   space 69120K, 0% used [0x000000078af00000,0x000000078af00000,0x000000078f280000)
 ParOldGen       total 231936K, used 91494K [0x00000006c2400000, 0x00000006d0680000, 0x000000076b700000)
  object space 231936K, 39% used [0x00000006c2400000,0x00000006c7d59ae8,0x00000006d0680000)
 Metaspace       used 38120K, capacity 40084K, committed 40108K, reserved 1083392K
  class space    used 4955K, capacity 5360K, committed 5376K, reserved 1048576K
Event: 13.097 GC heap after
Heap after GC invocations=13 (full 2):
 PSYoungGen      total 585216K, used 22857K [0x000000076b700000, 0x00000007a0080000, 0x00000007c0000000)
  eden space 516096K, 0% used [0x000000076b700000,0x000000076b700000,0x000000078af00000)
  from space 69120K, 33% used [0x000000078af00000,0x000000078c5525f8,0x000000078f280000)
  to   space 65536K, 0% used [0x000000079c080000,0x000000079c080000,0x00000007a0080000)
 ParOldGen       total 231936K, used 97199K [0x00000006c2400000, 0x00000006d0680000, 0x000000076b700000)
  object space 231936K, 41% used [0x00000006c2400000,0x00000006c82ebf40,0x00000006d0680000)
 Metaspace       used 38120K, capacity 40084K, committed 40108K, reserved 1083392K
  class space    used 4955K, capacity 5360K, committed 5376K, reserved 1048576K
}
Event: 13.097 GC heap before
{Heap before GC invocations=14 (full 3):
 PSYoungGen      total 585216K, used 22857K [0x000000076b700000, 0x00000007a0080000, 0x00000007c0000000)
  eden space 516096K, 0% used [0x000000076b700000,0x000000076b700000,0x000000078af00000)
  from space 69120K, 33% used [0x000000078af00000,0x000000078c5525f8,0x000000078f280000)
  to   space 65536K, 0% used [0x000000079c080000,0x000000079c080000,0x00000007a0080000)
 ParOldGen       total 231936K, used 97199K [0x00000006c2400000, 0x00000006d0680000, 0x000000076b700000)
  object space 231936K, 41% used [0x00000006c2400000,0x00000006c82ebf40,0x00000006d0680000)
 Metaspace       used 38120K, capacity 40084K, committed 40108K, reserved 1083392K
  class space    used 4955K, capacity 5360K, committed 5376K, reserved 1048576K
Event: 13.230 GC heap after
Heap after GC invocations=14 (full 3):
 PSYoungGen      total 585216K, used 0K [0x000000076b700000, 0x00000007a0080000, 0x00000007c0000000)
  eden space 516096K, 0% used [0x000000076b700000,0x000000076b700000,0x000000078af00000)
  from space 69120K, 0% used [0x000000078af00000,0x000000078af00000,0x000000078f280000)
  to   space 65536K, 0% used [0x000000079c080000,0x000000079c080000,0x00000007a0080000)
 ParOldGen       total 216576K, used 52741K [0x00000006c2400000, 0x00000006cf780000, 0x000000076b700000)
  object space 216576K, 24% used [0x00000006c2400000,0x00000006c57817f8,0x00000006cf780000)
 Metaspace       used 38120K, capacity 40084K, committed 40108K, reserved 1083392K
  class space    used 4955K, capacity 5360K, committed 5376K, reserved 1048576K
}
Event: 16.886 GC heap before
{Heap before GC invocations=15 (full 3):
 PSYoungGen      total 585216K, used 516096K [0x000000076b700000, 0x00000007a0080000, 0x00000007c0000000)
  eden space 516096K, 100% used [0x000000076b700000,0x000000078af00000,0x000000078af00000)
  from space 69120K, 0% used [0x000000078af00000,0x000000078af00000,0x000000078f280000)
  to   space 65536K, 0% used [0x000000079c080000,0x000000079c080000,0x00000007a0080000)
 ParOldGen       total 216576K, used 52741K [0x00000006c2400000, 0x00000006cf780000, 0x000000076b700000)
  object space 216576K, 24% used [0x00000006c2400000,0x00000006c57817f8,0x00000006cf780000)
 Metaspace       used 53897K, capacity 56464K, committed 56704K, reserved 1097728K
  class space    used 7004K, capacity 7492K, committed 7552K, reserved 1048576K
Event: 16.904 GC heap after
Heap after GC invocations=15 (full 3):
 PSYoungGen      total 707072K, used 24429K [0x000000076b700000, 0x000000079d880000, 0x00000007c0000000)
  eden space 682496K, 0% used [0x000000076b700000,0x000000076b700000,0x0000000795180000)
  from space 24576K, 99% used [0x000000079c080000,0x000000079d85b480,0x000000079d880000)
  to   space 61952K, 0% used [0x0000000795f80000,0x0000000795f80000,0x0000000799c00000)
 ParOldGen       total 216576K, used 52749K [0x00000006c2400000, 0x00000006cf780000, 0x000000076b700000)
  object space 216576K, 24% used [0x00000006c2400000,0x00000006c57837f8,0x00000006cf780000)
 Metaspace       used 53897K, capacity 56464K, committed 56704K, reserved 1097728K
  class space    used 7004K, capacity 7492K, committed 7552K, reserved 1048576K
}
Event: 19.818 GC heap before
{Heap before GC invocations=16 (full 3):
 PSYoungGen      total 707072K, used 397698K [0x000000076b700000, 0x000000079d880000, 0x00000007c0000000)
  eden space 682496K, 54% used [0x000000076b700000,0x0000000782385400,0x0000000795180000)
  from space 24576K, 99% used [0x000000079c080000,0x000000079d85b480,0x000000079d880000)
  to   space 61952K, 0% used [0x0000000795f80000,0x0000000795f80000,0x0000000799c00000)
 ParOldGen       total 216576K, used 52749K [0x00000006c2400000, 0x00000006cf780000, 0x000000076b700000)
  object space 216576K, 24% used [0x00000006c2400000,0x00000006c57837f8,0x00000006cf780000)
 Metaspace       used 63450K, capacity 66692K, committed 66816K, reserved 1107968K
  class space    used 8332K, capacity 8907K, committed 8960K, reserved 1048576K
Event: 19.839 GC heap after
Heap after GC invocations=16 (full 3):
 PSYoungGen      total 758784K, used 15744K [0x000000076b700000, 0x00000007a8b80000, 0x00000007c0000000)
  eden space 696832K, 0% used [0x000000076b700000,0x000000076b700000,0x0000000795f80000)
  from space 61952K, 25% used [0x0000000795f80000,0x0000000796ee03e8,0x0000000799c00000)
  to   space 60416K, 0% used [0x00000007a5080000,0x00000007a5080000,0x00000007a8b80000)
 ParOldGen       total 216576K, used 65357K [0x00000006c2400000, 0x00000006cf780000, 0x000000076b700000)
  object space 216576K, 30% used [0x00000006c2400000,0x00000006c63d3438,0x00000006cf780000)
 Metaspace       used 63450K, capacity 66692K, committed 66816K, reserved 1107968K
  class space    used 8332K, capacity 8907K, committed 8960K, reserved 1048576K
}
Event: 19.839 GC heap before
{Heap before GC invocations=17 (full 4):
 PSYoungGen      total 758784K, used 15744K [0x000000076b700000, 0x00000007a8b80000, 0x00000007c0000000)
  eden space 696832K, 0% used [0x000000076b700000,0x000000076b700000,0x0000000795f80000)
  from space 61952K, 25% used [0x0000000795f80000,0x0000000796ee03e8,0x0000000799c00000)
  to   space 60416K, 0% used [0x00000007a5080000,0x00000007a5080000,0x00000007a8b80000)
 ParOldGen       total 216576K, used 65357K [0x00000006c2400000, 0x00000006cf780000, 0x000000076b700000)
  object space 216576K, 30% used [0x00000006c2400000,0x00000006c63d3438,0x00000006cf780000)
 Metaspace       used 63450K, capacity 66692K, committed 66816K, reserved 1107968K
  class space    used 8332K, capacity 8907K, committed 8960K, reserved 1048576K
Event: 19.968 GC heap after
Heap after GC invocations=17 (full 4):
 PSYoungGen      total 758784K, used 0K [0x000000076b700000, 0x00000007a8b80000, 0x00000007c0000000)
  eden space 696832K, 0% used [0x000000076b700000,0x000000076b700000,0x0000000795f80000)
  from space 61952K, 0% used [0x0000000795f80000,0x0000000795f80000,0x0000000799c00000)
  to   space 60416K, 0% used [0x00000007a5080000,0x00000007a5080000,0x00000007a8b80000)
 ParOldGen       total 247296K, used 44055K [0x00000006c2400000, 0x00000006d1580000, 0x000000076b700000)
  object space 247296K, 17% used [0x00000006c2400000,0x00000006c4f05d10,0x00000006d1580000)
 Metaspace       used 63363K, capacity 66530K, committed 66816K, reserved 1107968K
  class space    used 8317K, capacity 8880K, committed 8960K, reserved 1048576K
}

