# JRE version: Java(TM) SE Runtime Environment (8.0_161-b12) (build 1.8.0_161-b12)
# Java VM: Java HotSpot(TM) 64-Bit Server VM (25.161-b12 mixed mode windows-amd64 compressed oops)
Heap:
 PSYoungGen      total 879104K, used 262659K [0x000000076b700000, 0x00000007a5f80000, 0x00000007c0000000)
  eden space 839168K, 31% used [0x000000076b700000,0x000000077b780e28,0x000000079ea80000)
  from space 39936K, 0% used [0x00000007a3880000,0x00000007a3880000,0x00000007a5f80000)
  to   space 59904K, 0% used [0x000000079ea80000,0x000000079ea80000,0x00000007a2500000)
 ParOldGen       total 259584K, used 43003K [0x00000006c2400000, 0x00000006d2180000, 0x000000076b700000)
  object space 259584K, 16% used [0x00000006c2400000,0x00000006c4dfedc8,0x00000006d2180000)
 Metaspace       used 67273K, capacity 70726K, committed 70912K, reserved 1110016K
  class space    used 8782K, capacity 9386K, committed 9472K, reserved 1048576K
GC Heap History (10 events):
Event: 12.451 GC heap before
{Heap before GC invocations=14 (full 2):
 PSYoungGen      total 539136K, used 93648K [0x000000076b700000, 0x000000079b680000, 0x00000007c0000000)
  eden space 470528K, 15% used [0x000000076b700000,0x000000076fcabc78,0x0000000788280000)
  from space 68608K, 32% used [0x0000000788280000,0x00000007898485f8,0x000000078c580000)
  to   space 65024K, 0% used [0x0000000797700000,0x0000000797700000,0x000000079b680000)
 ParOldGen       total 235008K, used 93523K [0x00000006c2400000, 0x00000006d0980000, 0x000000076b700000)
  object space 235008K, 39% used [0x00000006c2400000,0x00000006c7f54c88,0x00000006d0980000)
 Metaspace       used 38127K, capacity 40052K, committed 40108K, reserved 1083392K
  class space    used 4949K, capacity 5328K, committed 5376K, reserved 1048576K
Event: 12.461 GC heap after
Heap after GC invocations=14 (full 2):
 PSYoungGen      total 720896K, used 3479K [0x000000076b700000, 0x000000079ba00000, 0x00000007c0000000)
  eden space 655872K, 0% used [0x000000076b700000,0x000000076b700000,0x0000000793780000)
  from space 65024K, 5% used [0x0000000797700000,0x0000000797a65d30,0x000000079b680000)
  to   space 65024K, 0% used [0x0000000793780000,0x0000000793780000,0x0000000797700000)
 ParOldGen       total 235008K, used 102093K [0x00000006c2400000, 0x00000006d0980000, 0x000000076b700000)
  object space 235008K, 43% used [0x00000006c2400000,0x00000006c87b3458,0x00000006d0980000)
 Metaspace       used 38127K, capacity 40052K, committed 40108K, reserved 1083392K
  class space    used 4949K, capacity 5328K, committed 5376K, reserved 1048576K
}
Event: 12.461 GC heap before
{Heap before GC invocations=15 (full 3):
 PSYoungGen      total 720896K, used 3479K [0x000000076b700000, 0x000000079ba00000, 0x00000007c0000000)
  eden space 655872K, 0% used [0x000000076b700000,0x000000076b700000,0x0000000793780000)
  from space 65024K, 5% used [0x0000000797700000,0x0000000797a65d30,0x000000079b680000)
  to   space 65024K, 0% used [0x0000000793780000,0x0000000793780000,0x0000000797700000)
 ParOldGen       total 235008K, used 102093K [0x00000006c2400000, 0x00000006d0980000, 0x000000076b700000)
  object space 235008K, 43% used [0x00000006c2400000,0x00000006c87b3458,0x00000006d0980000)
 Metaspace       used 38127K, capacity 40052K, committed 40108K, reserved 1083392K
  class space    used 4949K, capacity 5328K, committed 5376K, reserved 1048576K
Event: 12.626 GC heap after
Heap after GC invocations=15 (full 3):
 PSYoungGen      total 720896K, used 0K [0x000000076b700000, 0x000000079ba00000, 0x00000007c0000000)
  eden space 655872K, 0% used [0x000000076b700000,0x000000076b700000,0x0000000793780000)
  from space 65024K, 0% used [0x0000000797700000,0x0000000797700000,0x000000079b680000)
  to   space 65024K, 0% used [0x0000000793780000,0x0000000793780000,0x0000000797700000)
 ParOldGen       total 214016K, used 41647K [0x00000006c2400000, 0x00000006cf500000, 0x000000076b700000)
  object space 214016K, 19% used [0x00000006c2400000,0x00000006c4cabe38,0x00000006cf500000)
 Metaspace       used 38127K, capacity 40052K, committed 40108K, reserved 1083392K
  class space    used 4949K, capacity 5328K, committed 5376K, reserved 1048576K
}
Event: 17.723 GC heap before
{Heap before GC invocations=16 (full 3):
 PSYoungGen      total 720896K, used 655872K [0x000000076b700000, 0x000000079ba00000, 0x00000007c0000000)
  eden space 655872K, 100% used [0x000000076b700000,0x0000000793780000,0x0000000793780000)
  from space 65024K, 0% used [0x0000000797700000,0x0000000797700000,0x000000079b680000)
  to   space 65024K, 0% used [0x0000000793780000,0x0000000793780000,0x0000000797700000)
 ParOldGen       total 214016K, used 41648K [0x00000006c2400000, 0x00000006cf500000, 0x000000076b700000)
  object space 214016K, 19% used [0x00000006c2400000,0x00000006c4cac0a0,0x00000006cf500000)
 Metaspace       used 55127K, capacity 57786K, committed 57856K, reserved 1099776K
  class space    used 7153K, capacity 7667K, committed 7680K, reserved 1048576K
Event: 17.743 GC heap after
Heap after GC invocations=16 (full 3):
 PSYoungGen      total 720896K, used 26098K [0x000000076b700000, 0x00000007a7500000, 0x00000007c0000000)
  eden space 655872K, 0% used [0x000000076b700000,0x000000076b700000,0x0000000793780000)
  from space 65024K, 40% used [0x0000000793780000,0x00000007950fc958,0x0000000797700000)
  to   space 61952K, 0% used [0x00000007a3880000,0x00000007a3880000,0x00000007a7500000)
 ParOldGen       total 214016K, used 41656K [0x00000006c2400000, 0x00000006cf500000, 0x000000076b700000)
  object space 214016K, 19% used [0x00000006c2400000,0x00000006c4cae0a0,0x00000006cf500000)
 Metaspace       used 55127K, capacity 57786K, committed 57856K, reserved 1099776K
  class space    used 7153K, capacity 7667K, committed 7680K, reserved 1048576K
}
Event: 19.653 GC heap before
{Heap before GC invocations=17 (full 3):
 PSYoungGen      total 720896K, used 316141K [0x000000076b700000, 0x00000007a7500000, 0x00000007c0000000)
  eden space 655872K, 44% used [0x000000076b700000,0x000000077d23ee78,0x0000000793780000)
  from space 65024K, 40% used [0x0000000793780000,0x00000007950fc958,0x0000000797700000)
  to   space 61952K, 0% used [0x00000007a3880000,0x00000007a3880000,0x00000007a7500000)
 ParOldGen       total 214016K, used 41656K [0x00000006c2400000, 0x00000006cf500000, 0x000000076b700000)
  object space 214016K, 19% used [0x00000006c2400000,0x00000006c4cae0a0,0x00000006cf500000)
 Metaspace       used 63421K, capacity 66692K, committed 66816K, reserved 1107968K
  class space    used 8324K, capacity 8907K, committed 8960K, reserved 1048576K
Event: 19.668 GC heap after
Heap after GC invocations=17 (full 3):
 PSYoungGen      total 879104K, used 14044K [0x000000076b700000, 0x00000007a5f80000, 0x00000007c0000000)
  eden space 839168K, 0% used [0x000000076b700000,0x000000076b700000,0x000000079ea80000)
  from space 39936K, 35% used [0x00000007a3880000,0x00000007a46372d8,0x00000007a5f80000)
  to   space 59904K, 0% used [0x000000079ea80000,0x000000079ea80000,0x00000007a2500000)
 ParOldGen       total 214016K, used 54743K [0x00000006c2400000, 0x00000006cf500000, 0x000000076b700000)
  object space 214016K, 25% used [0x00000006c2400000,0x00000006c5975d30,0x00000006cf500000)
 Metaspace       used 63421K, capacity 66692K, committed 66816K, reserved 1107968K
  class space    used 8324K, capacity 8907K, committed 8960K, reserved 1048576K
}
Event: 19.668 GC heap before
{Heap before GC invocations=18 (full 4):
 PSYoungGen      total 879104K, used 14044K [0x000000076b700000, 0x00000007a5f80000, 0x00000007c0000000)
  eden space 839168K, 0% used [0x000000076b700000,0x000000076b700000,0x000000079ea80000)
  from space 39936K, 35% used [0x00000007a3880000,0x00000007a46372d8,0x00000007a5f80000)
  to   space 59904K, 0% used [0x000000079ea80000,0x000000079ea80000,0x00000007a2500000)
 ParOldGen       total 214016K, used 54743K [0x00000006c2400000, 0x00000006cf500000, 0x000000076b700000)
  object space 214016K, 25% used [0x00000006c2400000,0x00000006c5975d30,0x00000006cf500000)
 Metaspace       used 63421K, capacity 66692K, committed 66816K, reserved 1107968K
  class space    used 8324K, capacity 8907K, committed 8960K, reserved 1048576K
Event: 19.777 GC heap after
Heap after GC invocations=18 (full 4):
 PSYoungGen      total 879104K, used 0K [0x000000076b700000, 0x00000007a5f80000, 0x00000007c0000000)
  eden space 839168K, 0% used [0x000000076b700000,0x000000076b700000,0x000000079ea80000)
  from space 39936K, 0% used [0x00000007a3880000,0x00000007a3880000,0x00000007a5f80000)
  to   space 59904K, 0% used [0x000000079ea80000,0x000000079ea80000,0x00000007a2500000)
 ParOldGen       total 259584K, used 43003K [0x00000006c2400000, 0x00000006d2180000, 0x000000076b700000)
  object space 259584K, 16% used [0x00000006c2400000,0x00000006c4dfedc8,0x00000006d2180000)
 Metaspace       used 63334K, capacity 66530K, committed 66816K, reserved 1107968K
  class space    used 8309K, capacity 8880K, committed 8960K, reserved 1048576K
}

