# JRE version: Java(TM) SE Runtime Environment (8.0_161-b12) (build 1.8.0_161-b12)
# Java VM: Java HotSpot(TM) 64-Bit Server VM (25.161-b12 mixed mode windows-amd64 compressed oops)
Heap:
 PSYoungGen      total 735232K, used 263538K [0x000000076b700000, 0x00000007a6d00000, 0x00000007c0000000)
  eden space 673280K, 39% used [0x000000076b700000,0x000000077b85ca10,0x0000000794880000)
  from space 61952K, 0% used [0x0000000794880000,0x0000000794880000,0x0000000798500000)
  to   space 59904K, 0% used [0x00000007a3280000,0x00000007a3280000,0x00000007a6d00000)
 ParOldGen       total 255488K, used 43984K [0x00000006c2400000, 0x00000006d1d80000, 0x000000076b700000)
  object space 255488K, 17% used [0x00000006c2400000,0x00000006c4ef40e0,0x00000006d1d80000)
 Metaspace       used 67302K, capacity 70828K, committed 70912K, reserved 1110016K
  class space    used 8789K, capacity 9419K, committed 9472K, reserved 1048576K
GC Heap History (10 events):
Event: 12.553 GC heap before
{Heap before GC invocations=13 (full 2):
 PSYoungGen      total 558592K, used 501096K [0x000000076b700000, 0x0000000792f80000, 0x00000007c0000000)
  eden space 510464K, 89% used [0x000000076b700000,0x00000007872c97a8,0x000000078a980000)
  from space 48128K, 96% used [0x0000000790080000,0x0000000792e10b48,0x0000000792f80000)
  to   space 68608K, 0% used [0x000000078a980000,0x000000078a980000,0x000000078ec80000)
 ParOldGen       total 235008K, used 91535K [0x00000006c2400000, 0x00000006d0980000, 0x000000076b700000)
  object space 235008K, 38% used [0x00000006c2400000,0x00000006c7d63e18,0x00000006d0980000)
 Metaspace       used 38128K, capacity 40052K, committed 40108K, reserved 1083392K
  class space    used 4950K, capacity 5328K, committed 5376K, reserved 1048576K
Event: 12.574 GC heap after
Heap after GC invocations=13 (full 2):
 PSYoungGen      total 579072K, used 22359K [0x000000076b700000, 0x000000079e980000, 0x00000007c0000000)
  eden space 510464K, 0% used [0x000000076b700000,0x000000076b700000,0x000000078a980000)
  from space 68608K, 32% used [0x000000078a980000,0x000000078bf55e68,0x000000078ec80000)
  to   space 65536K, 0% used [0x000000079a980000,0x000000079a980000,0x000000079e980000)
 ParOldGen       total 235008K, used 97282K [0x00000006c2400000, 0x00000006d0980000, 0x000000076b700000)
  object space 235008K, 41% used [0x00000006c2400000,0x00000006c8300820,0x00000006d0980000)
 Metaspace       used 38128K, capacity 40052K, committed 40108K, reserved 1083392K
  class space    used 4950K, capacity 5328K, committed 5376K, reserved 1048576K
}
Event: 12.574 GC heap before
{Heap before GC invocations=14 (full 3):
 PSYoungGen      total 579072K, used 22359K [0x000000076b700000, 0x000000079e980000, 0x00000007c0000000)
  eden space 510464K, 0% used [0x000000076b700000,0x000000076b700000,0x000000078a980000)
  from space 68608K, 32% used [0x000000078a980000,0x000000078bf55e68,0x000000078ec80000)
  to   space 65536K, 0% used [0x000000079a980000,0x000000079a980000,0x000000079e980000)
 ParOldGen       total 235008K, used 97282K [0x00000006c2400000, 0x00000006d0980000, 0x000000076b700000)
  object space 235008K, 41% used [0x00000006c2400000,0x00000006c8300820,0x00000006d0980000)
 Metaspace       used 38128K, capacity 40052K, committed 40108K, reserved 1083392K
  class space    used 4950K, capacity 5328K, committed 5376K, reserved 1048576K
Event: 12.706 GC heap after
Heap after GC invocations=14 (full 3):
 PSYoungGen      total 579072K, used 0K [0x000000076b700000, 0x000000079e980000, 0x00000007c0000000)
  eden space 510464K, 0% used [0x000000076b700000,0x000000076b700000,0x000000078a980000)
  from space 68608K, 0% used [0x000000078a980000,0x000000078a980000,0x000000078ec80000)
  to   space 65536K, 0% used [0x000000079a980000,0x000000079a980000,0x000000079e980000)
 ParOldGen       total 222208K, used 52423K [0x00000006c2400000, 0x00000006cfd00000, 0x000000076b700000)
  object space 222208K, 23% used [0x00000006c2400000,0x00000006c5731de8,0x00000006cfd00000)
 Metaspace       used 38128K, capacity 40052K, committed 40108K, reserved 1083392K
  class space    used 4950K, capacity 5328K, committed 5376K, reserved 1048576K
}
Event: 15.840 GC heap before
{Heap before GC invocations=15 (full 3):
 PSYoungGen      total 579072K, used 510464K [0x000000076b700000, 0x000000079e980000, 0x00000007c0000000)
  eden space 510464K, 100% used [0x000000076b700000,0x000000078a980000,0x000000078a980000)
  from space 68608K, 0% used [0x000000078a980000,0x000000078a980000,0x000000078ec80000)
  to   space 65536K, 0% used [0x000000079a980000,0x000000079a980000,0x000000079e980000)
 ParOldGen       total 222208K, used 52423K [0x00000006c2400000, 0x00000006cfd00000, 0x000000076b700000)
  object space 222208K, 23% used [0x00000006c2400000,0x00000006c5731de8,0x00000006cfd00000)
 Metaspace       used 53904K, capacity 56528K, committed 56704K, reserved 1097728K
  class space    used 7000K, capacity 7492K, committed 7552K, reserved 1048576K
Event: 15.858 GC heap after
Heap after GC invocations=15 (full 3):
 PSYoungGen      total 692736K, used 24340K [0x000000076b700000, 0x000000079c180000, 0x00000007c0000000)
  eden space 668160K, 0% used [0x000000076b700000,0x000000076b700000,0x0000000794380000)
  from space 24576K, 99% used [0x000000079a980000,0x000000079c145118,0x000000079c180000)
  to   space 61952K, 0% used [0x0000000794880000,0x0000000794880000,0x0000000798500000)
 ParOldGen       total 222208K, used 52431K [0x00000006c2400000, 0x00000006cfd00000, 0x000000076b700000)
  object space 222208K, 23% used [0x00000006c2400000,0x00000006c5733de8,0x00000006cfd00000)
 Metaspace       used 53904K, capacity 56528K, committed 56704K, reserved 1097728K
  class space    used 7000K, capacity 7492K, committed 7552K, reserved 1048576K
}
Event: 19.137 GC heap before
{Heap before GC invocations=16 (full 3):
 PSYoungGen      total 692736K, used 387465K [0x000000076b700000, 0x000000079c180000, 0x00000007c0000000)
  eden space 668160K, 54% used [0x000000076b700000,0x000000078199d698,0x0000000794380000)
  from space 24576K, 99% used [0x000000079a980000,0x000000079c145118,0x000000079c180000)
  to   space 61952K, 0% used [0x0000000794880000,0x0000000794880000,0x0000000798500000)
 ParOldGen       total 222208K, used 52431K [0x00000006c2400000, 0x00000006cfd00000, 0x000000076b700000)
  object space 222208K, 23% used [0x00000006c2400000,0x00000006c5733de8,0x00000006cfd00000)
 Metaspace       used 63447K, capacity 66692K, committed 66816K, reserved 1107968K
  class space    used 8329K, capacity 8907K, committed 8960K, reserved 1048576K
Event: 19.154 GC heap after
Heap after GC invocations=16 (full 3):
 PSYoungGen      total 735232K, used 15679K [0x000000076b700000, 0x00000007a6d00000, 0x00000007c0000000)
  eden space 673280K, 0% used [0x000000076b700000,0x000000076b700000,0x0000000794880000)
  from space 61952K, 25% used [0x0000000794880000,0x00000007957cfdb0,0x0000000798500000)
  to   space 59904K, 0% used [0x00000007a3280000,0x00000007a3280000,0x00000007a6d00000)
 ParOldGen       total 222208K, used 64942K [0x00000006c2400000, 0x00000006cfd00000, 0x000000076b700000)
  object space 222208K, 29% used [0x00000006c2400000,0x00000006c636b950,0x00000006cfd00000)
 Metaspace       used 63447K, capacity 66692K, committed 66816K, reserved 1107968K
  class space    used 8329K, capacity 8907K, committed 8960K, reserved 1048576K
}
Event: 19.154 GC heap before
{Heap before GC invocations=17 (full 4):
 PSYoungGen      total 735232K, used 15679K [0x000000076b700000, 0x00000007a6d00000, 0x00000007c0000000)
  eden space 673280K, 0% used [0x000000076b700000,0x000000076b700000,0x0000000794880000)
  from space 61952K, 25% used [0x0000000794880000,0x00000007957cfdb0,0x0000000798500000)
  to   space 59904K, 0% used [0x00000007a3280000,0x00000007a3280000,0x00000007a6d00000)
 ParOldGen       total 222208K, used 64942K [0x00000006c2400000, 0x00000006cfd00000, 0x000000076b700000)
  object space 222208K, 29% used [0x00000006c2400000,0x00000006c636b950,0x00000006cfd00000)
 Metaspace       used 63447K, capacity 66692K, committed 66816K, reserved 1107968K
  class space    used 8329K, capacity 8907K, committed 8960K, reserved 1048576K
Event: 19.263 GC heap after
Heap after GC invocations=17 (full 4):
 PSYoungGen      total 735232K, used 0K [0x000000076b700000, 0x00000007a6d00000, 0x00000007c0000000)
  eden space 673280K, 0% used [0x000000076b700000,0x000000076b700000,0x0000000794880000)
  from space 61952K, 0% used [0x0000000794880000,0x0000000794880000,0x0000000798500000)
  to   space 59904K, 0% used [0x00000007a3280000,0x00000007a3280000,0x00000007a6d00000)
 ParOldGen       total 255488K, used 43984K [0x00000006c2400000, 0x00000006d1d80000, 0x000000076b700000)
  object space 255488K, 17% used [0x00000006c2400000,0x00000006c4ef40e0,0x00000006d1d80000)
 Metaspace       used 63362K, capacity 66536K, committed 66816K, reserved 1107968K
  class space    used 8314K, capacity 8881K, committed 8960K, reserved 1048576K
}

